make all --print-data-base --no-builtin-variables --no-builtin-rules --question
# GNU Make 3.81
# Copyright (C) 2006  Free Software Foundation, Inc.
# This is free software; see the source for copying conditions.
# There is NO warranty; not even for MERCHANTABILITY or FITNESS FOR A
# PARTICULAR PURPOSE.

# This program built for i386-apple-darwin11.3.0
 

# Make data base, printed on Thu Apr 28 06:52:35 2022

# Variables

 
# automatic
<D = $(patsubst %/,%,$(dir $<))
# automatic
?F = $(notdir $?)
# makefile (from `Makefile', line 30)
PUSH_SWAP = push_swap
# environment
VSCODE_LOG_NATIVE = false
# automatic
?D = $(patsubst %/,%,$(dir $?))
# makefile (from `Makefile', line 13)
_IGREY = \e[40m
# automatic
@D = $(patsubst %/,%,$(dir $@))
# automatic
@F = $(notdir $@)
# makefile
CURDIR := /Users/makbulut/Desktop/Push_swap
# makefile
SHELL = /bin/sh
# makefile (from `Makefile', line 26)
RM = rm -rf
# makefile (from `Makefile', line 6)
_RED = \e[31m
# environment
VSCODE_NLS_CONFIG = {"locale":"en-us","availableLanguages":{},"_languagePackSupport":true}
# environment
_ = /usr/bin/make
# makefile (from `Makefile', line 1)
MAKEFILE_LIST :=  Makefile
# environment
VSCODE_NODE_CACHED_DATA_DIR = /Users/makbulut/Library/Application Support/Code/CachedData/054a9295330880ed74ceaedda236253b4f39a335
# environment
VSCODE_VERBOSE_LOGGING = true
# makefile (from `Makefile', line 20)
_IWHITE = \e[47m
# environment
VSCODE_IPC_HOOK_EXTHOST = /var/folders/zz/zyxvpxvq6csfxvn_n000cbsm0032yd/T/vscode-ipc-8b067b38-21f2-46f3-adf4-b8098e28809a.sock
# environment
VSCODE_CWD = /
# makefile (from `Makefile', line 28)
CHECKER = checker
# makefile (from `Makefile', line 8)
_YELLOW = \e[33m
# environment
PATH = /usr/local/bin:/usr/bin:/bin:/usr/sbin:/sbin:/usr/local/munki:/Library/Apple/usr/bin
# makefile (from `Makefile', line 1)
_END = \e[0m
# makefile (from `Makefile', line 5)
_GREY = \e[30m
# makefile (from `Makefile', line 4)
_REV = \e[7m
# environment
LaunchInstanceID = C8F52305-9479-41E8-BF0C-CEEACFA50BDD
# environment
VSCODE_LOG_STACK = false
# environment
ELECTRON_RUN_AS_NODE = 1
# default
.FEATURES := target-specific order-only second-expansion else-if archives jobserver check-symlink
# makefile (from `Makefile', line 24)
DIR = ./
# environment
SSH_AUTH_SOCK = /private/tmp/com.apple.launchd.Ayf0KsOEFY/Listeners
# automatic
%F = $(notdir $%)
# environment
VSCODE_PIPE_LOGGING = true
# environment
PWD = /Users/makbulut/Desktop/Push_swap
# makefile (from `Makefile', line 10)
_PURPLE = \e[35m
# environment
ORIGINAL_XDG_CURRENT_DESKTOP = undefined
# makefile (from `Makefile', line 12)
_WHITE = \e[37m
# makefile (from `Makefile', line 9)
_BLUE = \e[34m
# environment
VSCODE_AMD_ENTRYPOINT = vs/workbench/services/extensions/node/extensionHostProcess
# environment
HOME = /Users/makbulut
# default
MAKEFILEPATH := /Applications/Xcode.app/Contents/Developer/Makefiles
# makefile (from `Makefile', line 11)
_CYAN = \e[36m
# environment
LOGNAME = makbulut
# environment
APPLICATION_INSIGHTS_NO_DIAGNOSTIC_CHANNEL = true
# environment
VSCODE_HANDLES_UNCAUGHT_ERRORS = true
# automatic
^D = $(patsubst %/,%,$(dir $^))
# environment
XPC_FLAGS = 0x0
# default
MAKE = $(MAKE_COMMAND)
# default
MAKECMDGOALS := all
# makefile (from `Makefile', line 22)
SRCS = ./src
# environment
SHLVL = 1
# default
MAKE_VERSION := 3.81
# environment
USER = makbulut
# makefile
.DEFAULT_GOAL := all
# makefile (from `Makefile', line 2)
_BOLD = \e[1m
# automatic
%D = $(patsubst %/,%,$(dir $%))
# makefile (from `Makefile', line 3)
_UNDER = \e[4m
# makefile (from `Makefile', line 14)
_IRED = \e[41m
# default
MAKE_COMMAND := /Applications/Xcode.app/Contents/Developer/usr/bin/make
# default
.VARIABLES := 
# environment
TMPDIR = /var/folders/zz/zyxvpxvq6csfxvn_n000cbsm0032yd/T/
# automatic
*F = $(notdir $*)
# makefile (from `Makefile', line 15)
_IGREEN = \e[42m
# environment
VSCODE_IPC_HOOK = /Users/makbulut/Library/Application Support/Code/1.56.2-main.sock
# makefile
MAKEFLAGS = Rrqp
# environment
MFLAGS = -Rrqp
# automatic
*D = $(patsubst %/,%,$(dir $*))
# environment
XPC_SERVICE_NAME = com.apple.xpc.launchd.oneshot.0x10000009.Electron
# automatic
+D = $(patsubst %/,%,$(dir $+))
# makefile (from `Makefile', line 16)
_IYELLOW = \e[43m
# automatic
+F = $(notdir $+)
# environment
__CF_USER_TEXT_ENCODING = 0x18BCD:0x23:0x18
# environment
COMMAND_MODE = unix2003
# default
MAKEFILES := 
# automatic
<F = $(notdir $<)
# makefile (from `Makefile', line 19)
_ICYAN = \e[46m
# environment
LC_ALL = C
# environment
SECURITYSESSIONID = 186c2
# makefile (from `Makefile', line 17)
_IBLUE = \e[44m
# automatic
^F = $(notdir $^)
# default
SUFFIXES := 
# makefile (from `Makefile', line 18)
_IPURPLE = \e[45m
# default
.INCLUDE_DIRS = /usr/local/include
# environment
MAKELEVEL := 0
# makefile (from `Makefile', line 7)
_GREEN = \e[32m
# environment
LANG = C
# environment
VSCODE_PID = 31639
# variable set hash-table stats:
# Load=88/1024=9%, Rehash=0, Collisions=5/131=4%

# Pattern-specific Variable Values

# No pattern-specific variable values.

# Directories

# . (device 16777225, inode 1979821): 6 files, no impossibilities.

# 6 files, no impossibilities in 1 directories.

# Implicit Rules

# No implicit rules.

# Files

all: checker push_swap
#  Phony target (prerequisite of .PHONY).
#  Command-line target.
#  Implicit rule search has not been done.
#  File does not exist.
#  File has been updated.
#  Needs to be updated (-q is set).
# variable set hash-table stats:
# Load=0/32=0%, Rehash=0, Collisions=0/15=0%

.PHONY: all clean fclean checker push_swap
#  Implicit rule search has not been done.
#  Modification time never checked.
#  File has not been updated.

# Not a target:
.SUFFIXES:
#  Implicit rule search has not been done.
#  Modification time never checked.
#  File has not been updated.

# Not a target:
Makefile:
#  Implicit rule search has been done.
#  Last modified 2022-04-26 14:48:47
#  File has been updated.
#  Successfully updated.
# variable set hash-table stats:
# Load=0/32=0%, Rehash=0, Collisions=0/0=0%

fclean:
#  Phony target (prerequisite of .PHONY).
#  Implicit rule search has not been done.
#  File does not exist.
#  File has not been updated.
#  commands to execute (from `Makefile', line 51):
	@printf	"\033[2K\r$(_BLUE)$(_BOLD)$(CHECKER) $(_END)\n"
	@make fclean -C $(SRCS)/$(CHECKER)
	@printf	"\033[2K\r$(_BLUE)$(_BOLD)$(PUSH_SWAP) $(_END)\n"
	@make fclean -C $(SRCS)/$(PUSH_SWAP)
	@$(RM) $(CHECKER)
	@$(RM) $(PUSH_SWAP)
	

norm:
#  Implicit rule search has not been done.
#  Modification time never checked.
#  File has not been updated.
#  commands to execute (from `Makefile', line 61):
	@printf	"\033[2K\r$(_BLUE)$(_BOLD)$(CHECKER) $(_END)\n"
	make norm -C $(SRCS)/$(CHECKER)
	@printf	"\033[2K\r$(_BLUE)$(_BOLD)$(PUSH_SWAP) $(_END)\n"
	make norm -C $(SRCS)/$(PUSH_SWAP)
	

# Not a target:
.DEFAULT:
#  Implicit rule search has not been done.
#  Modification time never checked.
#  File has not been updated.

checker:
#  Phony target (prerequisite of .PHONY).
#  Implicit rule search has not been done.
#  Implicit/static pattern stem: `'
#  File does not exist.
#  File has been updated.
#  Needs to be updated (-q is set).
# automatic
# @ := checker
# automatic
# % := 
# automatic
# * := 
# automatic
# + := 
# automatic
# | := 
# automatic
# < := 
# automatic
# ^ := 
# automatic
# ? := 
# variable set hash-table stats:
# Load=8/32=25%, Rehash=0, Collisions=3/23=13%
#  commands to execute (from `Makefile', line 35):
	@printf	"\033[2K\r$(_BLUE)$(_BOLD)$(CHECKER) $(_END)\n"
	@$(MAKE) -C $(SRCS)/$(CHECKER)
	@cp -rf $(SRCS)/$(CHECKER)/$(CHECKER) $(DIR)/$(CHECKER)
	

re: fclean all
#  Implicit rule search has not been done.
#  Modification time never checked.
#  File has not been updated.

clean:
#  Phony target (prerequisite of .PHONY).
#  Implicit rule search has not been done.
#  File does not exist.
#  File has not been updated.
#  commands to execute (from `Makefile', line 45):
	@printf	"\033[2K\r$(_BLUE)$(_BOLD)$(CHECKER) $(_END)\n"
	@make clean -C $(SRCS)/$(CHECKER)
	@printf	"\033[2K\r$(_BLUE)$(_BOLD)$(PUSH_SWAP) $(_END)\n"
	@make clean -C $(SRCS)/$(PUSH_SWAP)
	

push_swap:
#  Phony target (prerequisite of .PHONY).
#  Implicit rule search has not been done.
#  File does not exist.
#  File has not been updated.
#  commands to execute (from `Makefile', line 40):
	@printf	"\033[2K\r$(_BLUE)$(_BOLD)$(PUSH_SWAP) $(_END)\n"
	@$(MAKE) -C $(SRCS)/$(PUSH_SWAP)
	@cp -rf $(SRCS)/$(PUSH_SWAP)/$(PUSH_SWAP) ./$(PUSH_SWAP)
	

# files hash-table stats:
# Load=11/1024=1%, Rehash=0, Collisions=0/34=0%
# VPATH Search Paths

# No `vpath' search paths.

 
# No general (`VPATH' variable) search path.

# # of strings in strcache: 1
# # of strcache buffers: 1
# strcache size: total = 4096 / max = 4096 / min = 4096 / avg = 4096
# strcache free: total = 4087 / max = 4087 / min = 4087 / avg = 4087

# Finished Make data base on Thu Apr 28 06:52:35 2022

 
